<?xml version="1.0" encoding="UTF-8"?>
<!-- Generated by org.testng.reporters.JUnitReportReporter -->
<testsuite hostname="LAPTOP-CJ23D15G" failures="0" tests="1" name="demopackage.seleniumtest" time="13.925" errors="0" timestamp="14 Jun 2024 11:12:54 GMT" skipped="0">
  <testcase classname="demopackage.seleniumtest" name="test1" time="13.925"/>
</testsuite> <!-- demopackage.seleniumtest -->
