<?xml version="1.0" encoding="UTF-8"?>
<!-- Generated by org.testng.reporters.JUnitReportReporter -->
<testsuite hostname="LAPTOP-CJ23D15G" failures="0" tests="1" name="demopackage.seleniumtest3" time="8.840" errors="0" timestamp="12 Jun 2024 16:34:13 GMT" skipped="0">
  <testcase classname="demopackage.seleniumtest3" name="test1" time="8.840"/>
</testsuite> <!-- demopackage.seleniumtest3 -->
