<?xml version="1.0" encoding="UTF-8"?>
<!-- Generated by org.testng.reporters.JUnitReportReporter -->
<testsuite skipped="0" hostname="LAPTOP-CJ23D15G" name="demopackage.seleniumtest" tests="1" failures="0" timestamp="13 Jun 2024 18:50:14 GMT" time="14.788" errors="0">
  <testcase name="test1" time="14.788" classname="demopackage.seleniumtest"/>
</testsuite> <!-- demopackage.seleniumtest -->
