<?xml version="1.0" encoding="UTF-8"?>
<!-- Generated by org.testng.reporters.JUnitReportReporter -->
<testsuite hostname="LAPTOP-CJ23D15G" failures="0" tests="1" name="demopackage.seleniumtest" time="15.232" errors="0" timestamp="06 Jun 2024 16:20:40 GMT" skipped="0">
  <testcase classname="demopackage.seleniumtest" name="test1" time="15.232"/>
</testsuite> <!-- demopackage.seleniumtest -->
